---------------------------------------------
 Backup Log - 20250806_171115
 Target Folder: ./backups/backup_20250806_171115
 Found: File1.txt
 Backed up File1.txt → File1.txt.bak
 Found: File2.py
 Backed up File2.py → File2.py.bak

 Summary:
  Total Files Provided : 2
  Successfully Backed Up: 2
  Failed (Not Found): 0
  Mode: Individual File Copy
---------------------------------------------

---------------------------------------------
 Backup Log - 20250806_171120
 Target Folder: ./backups/backup_20250806_171120
 Found: File1.txt
 Found: File2.py
 Compressed archive created: ./backups/backup_20250806_171120/backup_20250806_171120.tar.gz

 Summary:
  Total Files Provided : 2
  Successfully Backed Up: 2
  Failed (Not Found): 0
  Mode: Compressed
---------------------------------------------

